         w __deregister_frame_info
         w __gnu_Unwind_Find_exidx
         w __register_frame_info
         w pthread_cancel
         w pthread_getspecific
         w pthread_key_create
         w pthread_key_delete
         w pthread_mutex_lock
         w pthread_mutex_unlock
         w pthread_setspecific
         w userAppExit
         w userAppInit
00000000 00000802 B __ctru_dev_utf16_buf
00000000 A __sync_synchronize
00000000 b _TLS_MODULE_BASE_
00000000 a shift
00000000 a shift
00000804 00000401 B __ctru_dev_path_buf
00100000 A __start__
00100000 T _start
00100008 T __service_ptr
0010000c T __apt_appid
00100010 T __heap_size
00100014 T __linear_heap_size
00100018 T __system_arglist
0010001c T __system_runflags
00100020 t startup
00100058 t ClearMem
0010006c t ClrLoop
00100094 T _init
001000ac t .udivsi3_skip_div0_test
001000ac T __aeabi_uidiv
001000ac 000001ec T __udivsi3
00100298 00000020 T __aeabi_uidivmod
001002b8 T __aeabi_idiv
001002b8 00000220 T __divsi3
001002c0 t .divsi3_skip_div0_test
001004d8 00000020 T __aeabi_idivmod
001004f8 00000004 W __aeabi_idiv0
001004f8 00000004 W __aeabi_ldiv0
001004fc T __aeabi_drsub
00100504 000002b0 T __aeabi_dsub
00100504 000002b0 T __subdf3
00100508 000002ac T __adddf3
00100508 000002ac T __aeabi_dadd
001007b4 00000024 T __aeabi_ui2d
001007b4 00000024 T __floatunsidf
001007d8 00000028 T __aeabi_i2d
001007d8 00000028 T __floatsidf
00100800 00000048 T __aeabi_f2d
00100800 00000048 T __extendsfdf2
00100848 00000074 T __aeabi_ul2d
00100848 00000074 T __floatundidf
0010085c 00000060 T __aeabi_l2d
0010085c 00000060 T __floatdidf
001008bc T __aeabi_ldivmod
00100990 00000014 T __restore_core_regs
00100990 00000014 T restore_core_regs
001009a4 T __gnu_Unwind_Restore_VFP
001009ac T __gnu_Unwind_Save_VFP
001009b4 T __gnu_Unwind_Restore_VFP_D
001009bc T __gnu_Unwind_Save_VFP_D
001009c4 T __gnu_Unwind_Restore_VFP_D_16_to_31
001009cc T __gnu_Unwind_Save_VFP_D_16_to_31
001009d4 T __gnu_Unwind_Restore_WMMXD
00100a18 T __gnu_Unwind_Save_WMMXD
00100a5c T __gnu_Unwind_Restore_WMMXC
00100a70 T __gnu_Unwind_Save_WMMXC
00100a84 00000024 T ___Unwind_RaiseException
00100a84 00000024 T _Unwind_RaiseException
00100aa8 00000024 T ___Unwind_Resume
00100aa8 00000024 T _Unwind_Resume
00100acc 00000024 T ___Unwind_Resume_or_Rethrow
00100acc 00000024 T _Unwind_Resume_or_Rethrow
00100af0 00000024 T ___Unwind_ForcedUnwind
00100af0 00000024 T _Unwind_ForcedUnwind
00100b14 00000024 T ___Unwind_Backtrace
00100b14 00000024 T _Unwind_Backtrace
00100b48 00000390 T strcmp
00100ed0 t __do_global_dtors_aux
00100f10 t frame_dummy
00100f3c 000000a8 t initSprites(C2D_SpriteSheet_s*, float, float) [clone .constprop.0]
00100fe4 0000008c t void std::__cxx11::basic_string<char, std::char_traits<char>, std::allocator<char> >::_M_construct<char const*>(char const*, char const*, std::forward_iterator_tag) [clone .isra.0]
00101070 000004a8 t GameManager::Reset(Paddle*, CpuPaddle*, Ball*, int, int, bool) [clone .isra.0]
00101518 00000388 W Ball::UpdatePosition()
001018a0 00001374 T main
00102c14 000000d4 t _GLOBAL__sub_I_StaticTextBuffer
00102ce8 00000044 t C2Di_FrameEndHook
00102d30 0000036c T C2D_Init
0010309c 0000004c T C2D_Fini
001030e8 000000b8 T C2D_Prepare
001031a0 00000048 T C2D_Flush
001031e8 00000104 T C2D_SceneSize
001032ec 00000058 T C2D_CreateScreenTarget
00103344 00000064 T C2D_TargetClear
001033a8 0000013c T C2Di_CalcQuad
001034e4 00000058 T C2Di_AppendQuad
0010353c 00000040 T C2Di_AppendVtx
0010357c 00000550 T C2Di_Update
00103acc 000002b0 T C2D_DrawImage
00103d7c 0000015c T C2D_DrawTriangle
00103ed8 000001dc T C2D_DrawLine
001040b4 00000158 T C2D_DrawRectangle
0010420c 0000016c T C2D_DrawEllipse
00104378 00000018 t C2Di_GlyphComp
00104390 00000140 t C2Di_CalcLineWidths
001044d0 000001dc T C2D_TextBufNew
001046ac 00000004 T C2D_TextBufDelete
001046b0 000001c8 T C2D_TextFontParseLine
00104878 000000a8 T C2D_TextFontParse
00104920 00000030 T C2D_TextOptimize
00104950 00000f6c T C2D_DrawText
001058bc 0000006c T C2D_SpriteSheetLoadFromHandle
00105928 00000048 T C2D_SpriteSheetLoad
00105970 00000028 T C2D_SpriteSheetFree
00105998 00000008 T C2D_SpriteSheetCount
001059a0 0000002c T C2D_SpriteSheetGetImage
001059cc 00000028 T C2D_FontFree
001059f4 000000e8 t C2Di_PostLoadFont
00105adc 000001c0 T C2D_FontLoadSystem
00105c9c 00000044 T C2D_FontGlyphIndexFromCodePoint
00105ce0 00000078 T C2D_FontCalcGlyphPos
00105d58 00000028 T AttrInfo_Init
00105d80 00000094 T AttrInfo_AddLoader
00105e14 00000054 T C3D_SetAttrInfo
00105e68 00000080 T C3Di_AttrInfoBind
00105ee8 00000004 W C3Di_LightEnvUpdate
00105eec 00000004 W C3Di_LightEnvDirty
00105ef0 000000b4 t C3Di_AptEventHook
00105fa4 00000004 W C3Di_GasUpdate
00105fa8 000001d0 T C3D_Init
00106178 00000098 T C3D_SetViewport
00106210 000004e8 T C3Di_UpdateContext
001066f8 000000e0 T C3Di_SplitFrame
001067d8 00000044 T C3D_Fini
0010681c 00000194 T C3D_BindProgram
001069b0 00000024 T BufInfo_Init
001069d4 00000080 T BufInfo_Add
00106a54 0000003c T C3D_SetBufInfo
00106a90 00000048 T C3Di_BufInfoBind
00106ad8 0000021c T C3D_DrawElements
00106cf4 00000040 T C3D_DepthMap
00106d34 0000001c T C3D_CullFace
00106d50 00000040 T C3D_StencilTest
00106d90 00000024 T C3D_StencilOp
00106db4 0000001c T C3D_BlendingColor
00106dd0 00000024 T C3D_EarlyDepthTest
00106df4 0000002c T C3D_DepthTest
00106e20 0000002c T C3D_AlphaTest
00106e4c 00000050 T C3D_AlphaBlend
00106e9c 00000030 T C3D_FragOpMode
00106ecc 00000044 T C3D_FragOpShadow
00106f10 000001ac T C3Di_EffectBind
001070bc 0000001c T C3D_CalcColorBufSize
001070d8 0000001c T C3D_CalcDepthBufSize
001070f4 00000044 T C3D_SetFrameBuf
00107138 0000016c T C3Di_FrameBufBind
001072a4 000000c8 T C3D_FrameBufClear
0010736c 00000044 T C3D_FrameBufTransfer
001073b0 000000a8 T C3D_ImmSendAttrib
00107458 00000070 T C3D_ProcTexInit
001074c8 00000054 T C3D_ProcTexBind
0010751c 0000005c T C3D_ProcTexLutBind
00107578 000000a4 T ProcTexLut_FromArray
0010761c 00000178 T C3Di_ProcTexUpdate
00107794 00000068 T C3Di_ProcTexDirty
001077fc 0000004c t onVBlank0
00107848 0000004c t onVBlank1
00107894 00000080 t C3Di_RenderTargetDestroy
00107914 000000f4 t onQueueFinish
00107a08 00000038 T C3Di_RenderQueueEnableVBlank
00107a40 00000030 T C3Di_RenderQueueDisableVBlank
00107a70 00000060 T C3Di_RenderQueueInit
00107ad0 000000b4 T C3Di_RenderQueueExit
00107b84 00000034 T C3Di_RenderQueueWaitDone
00107bb8 000000e8 T C3D_FrameBegin
00107ca0 00000048 T C3D_FrameDrawOn
00107ce8 00000058 T C3D_FrameSplit
00107d40 000001d0 T C3D_FrameEnd
00107f10 0000001c T C3D_FrameEndHook
00107f2c 00000170 T C3D_RenderTargetCreate
0010809c 000000a8 T C3D_RenderTargetSetOutput
00108144 000000fc T C3D_SyncTextureCopy
00108240 000003d8 t Tex3DSi_ImportCommon
00108618 00000038 T Tex3DS_TextureImportStdio
00108650 00000008 T Tex3DS_GetNumSubTextures
00108658 0000001c T Tex3DS_GetSubTexture
00108674 00000004 T Tex3DS_TextureFree
00108678 00000034 T C3D_GetTexEnv
001086ac 00000024 T C3Di_TexEnvBind
001086d0 00000290 T C3D_TexInitWithParams
00108960 000000c8 T C3D_TexLoadImage
00108a28 00000044 T C3D_TexBind
00108a6c 00000074 T C3D_TexDelete
00108ae0 0000014c T C3Di_SetTex
00108c2c 00000290 T C3D_UpdateUniforms
00108ebc 000000c0 T C3Di_DirtyUniforms
00108f7c 000000d8 T C3Di_LoadShaderUniforms
00109054 00000028 T C3Di_ClearShaderUniforms
0010907c 000000cc T Mtx_Ortho
00109148 000000cc T Mtx_OrthoTilt
00109214 00000024 t addrMapNodeComparator(rbtree_node const*, rbtree_node const*)
00109238 00000004 t addrMapNodeDestructor(rbtree_node*)
0010923c 00000120 T linearMemAlign
0010935c 00000008 T linearAlloc
00109364 0000005c T linearFree
001093c0 00000084 T MemPool::CoalesceRight(MemBlock*)
00109444 00000150 T MemPool::Allocate(MemChunk&, unsigned long, int)
00109594 000000fc T MemPool::Deallocate(MemChunk const&)
00109690 00000030 T MemPool::GetFreeSpace()
001096c0 00000024 t addrMapNodeComparator(rbtree_node const*, rbtree_node const*)
001096e4 00000004 t addrMapNodeDestructor(rbtree_node*)
001096e8 00000244 T vramMemAlignAt
0010992c 0000000c T vramAlloc
00109938 0000000c T vramAllocAt
00109944 00000090 T vramFree
001099d4 00000094 T fontEnsureMapped
00109a68 0000007c T fontFixPointers
00109ae4 00000100 T fontGlyphIndexFromCodePoint
00109be4 000001ec T fontCalcGlyphPos
00109dd0 000000d0 t gfxPresentFramebuffer
00109ea0 0000001c T gfxIsWide
00109ebc 000000ec T gfxSetScreenFormat
00109fa8 000000d8 T gfxInit
0010a080 00000010 T gfxInitDefault
0010a090 000000b4 T gfxExit
0010a144 000000a0 T gfxGetFramebuffer
0010a1e4 00000030 T gfxScreenSwapBuffers
0010a214 00000074 T osConvertVirtToPhys
0010a288 00000054 T osGetTimeRef
0010a2dc 000000ec T osGetTime
0010a3c8 00000034 T __ctru_speedup_config
0010a3fc 00000008 t romfs_close
0010a404 000000c4 t romfs_seek
0010a4c8 00000024 t romfs_dirreset
0010a4ec 000000c8 t fill_dir
0010a5b4 000002a8 t romfs_dirnext
0010a85c 00000074 t romfs_free
0010a8d0 000000d4 t searchForFile.constprop.0
0010a9a4 000000d8 t searchForDir.constprop.0
0010aa7c 000001c0 t navigateToDir.constprop.0
0010ac3c 0000010c t romfs_open
0010ad48 0000004c t romfs_chdir
0010ad94 00000070 t romfs_diropen
0010ae04 00000174 t romfs_stat
0010af78 00000008 t romfs_dirclose
0010af80 00000084 t romfs_fstat
0010b004 000000d0 t romfs_read
0010b0d4 0000028c T romfsMountFromFile
0010b360 00000098 T romfsMountFromCurrentProcess
0010b3f8 00000260 T romfsMountSelf
0010b658 000000b0 T romfsMountFromTitle
0010b708 000000a4 T romfsUnmount
0010b7ac 0000013c T GPUCMD_Add
0010b8e8 000000b0 T GPUCMD_Split
0010b998 00000034 T f32tof16
0010b9cc 00000034 T f32tof24
0010ba00 00000038 T f32tof31
0010ba38 00000010 T GX_BindQueue
0010ba48 00000078 T GX_ProcessCommandList
0010bac0 00000074 T GX_MemoryFill
0010bb34 00000070 T GX_DisplayTransfer
0010bba4 00000074 T GX_TextureCopy
0010bc18 00000068 t gxCmdQueueDoCommands.part.0
0010bc80 000000c8 T gxCmdQueueInterrupt
0010bd48 0000004c T gxCmdQueueClear
0010bd94 000000f8 T gxCmdQueueAdd
0010be8c 00000080 T gxCmdQueueRun
0010bf0c 00000060 T gxCmdQueueStop
0010bf6c 0000008c T gxCmdQueueWait
0010bff8 000001d0 T shaderInstanceInit
0010c1c8 00000018 T shaderInstanceGetUniformLocation
0010c1e0 0000001c T shaderProgramInit
0010c1fc 00000064 T shaderProgramFree
0010c260 00000080 T shaderProgramSetVsh
0010c2e0 000008d0 T shaderProgramConfigure
0010cbb0 000001dc t DVLE_GenerateOutmap.part.0
0010cd8c 000001b0 T DVLB_ParseFile
0010cf3c 00000038 T DVLB_Free
0010cf74 00000074 T DVLE_GetUniformRegister
0010cfe8 00000158 t ndspUpdateMaster
0010d140 00000108 t ndspFinalize
0010d248 00000250 t ndspInitialize.part.0
0010d498 000000fc t ndspHookCallback
0010d598 00000318 t ndspThreadMain
0010d8b0 000003d0 T ndspInit
0010dc80 000000cc T ndspExit
0010dd4c 000000e4 T ndspChnReset
0010de30 00000040 T ndspiInitChn
0010de70 0000002c T ndspiDirtyChn
0010de9c 0000043c T ndspiUpdateChn
0010e2d8 00000180 T ndspiReadChnState
0010e458 000001b0 t aptConvertScreenForCapture
0010e608 00000158 T aptSendCommand
0010e760 00000044 t aptExitProcess
0010e7a4 00000380 T aptExit
0010eb24 000000d8 T aptHandleSleep
0010ebfc 00000030 T aptHook
0010ec2c 00000030 T aptUnhook
0010ec5c 00000084 T APT_SleepIfShellClosed
0010ece0 00000078 T aptSetSleepAllowed
0010ed58 00000084 T APT_UnlockTransition
0010ede0 00000478 t aptEventHandler
0010f258 000000b0 T APT_ReceiveParameter
0010f308 000000ac t aptReceiveParameter.constprop.0
0010f3b8 00000294 t aptScreenTransfer
0010f64c 000002c8 t aptWaitForWakeUp.isra.0
0010f914 000000f4 T aptJumpToHomeMenu
0010fa08 00000048 T aptMainLoop
0010fa50 0000022c T aptInit
0010fc7c 0000007c T APT_CheckNew3DS
0010fcf8 00000048 T APT_GetSharedFont
0010fd40 000000a4 T cfguInit
0010fde4 0000003c T cfguExit
0010fe20 00000038 T CFGU_SecureInfoGetRegion
0010fe58 0000004c T CFGU_GetConfigInfoBlk2
0010fea4 000000a4 t DSP_LoadComponent.part.0
0010ff48 000000dc T dspInit
00110024 00000080 T dspExit
001100a4 00000024 T dspHook
001100c8 00000030 T dspUnhook
001100f8 000000ac T aptDspSleep
001101a4 000000b4 T aptDspWakeup
00110258 00000044 T aptDspCancel
0011029c 00000034 T DSP_SetSemaphore
001102d0 00000034 T DSP_SetSemaphoreMask
00110304 00000038 T DSP_GetSemaphoreHandle
0011033c 0000003c T DSP_LoadComponent
00110378 00000044 T DSP_RegisterInterruptEvents
001103bc 00000074 T DSP_ReadPipeIfPossible
00110430 0000004c T DSP_WriteProcessPipe
0011047c 00000040 T DSP_ConvertProcessAddressFromDspDram
001104bc 00000040 T DSP_RecvData
001104fc 0000004c T DSP_RecvDataIsReady
00110548 000000d0 T fsInit
00110618 0000003c T fsExit
00110654 00000060 T fsExemptFromSession
001106b4 00000050 T fsUnexemptFromSession
00110704 000000cc T FSUSER_OpenFile
001107d0 000000d4 T FSUSER_OpenFileDirectly
001108a4 000000bc T FSUSER_DeleteFile
00110960 000000f8 T FSUSER_RenameFile
00110a58 000000bc T FSUSER_DeleteDirectory
00110b14 000000d4 T FSUSER_CreateFile
00110be8 000000c4 T FSUSER_CreateDirectory
00110cac 000000f8 T FSUSER_RenameDirectory
00110da4 000000b4 T FSUSER_OpenDirectory
00110e58 00000094 T FSUSER_OpenArchive
00110eec 0000008c T FSUSER_CloseArchive
00110f78 00000074 T FSUSER_GetSdmcArchiveResource
00110fec 00000064 T FSUSER_IsSdmcWritable
00111050 00000058 T FSFILE_Read
001110a8 00000060 T FSFILE_Write
00111108 00000038 T FSFILE_GetSize
00111140 00000028 T FSFILE_SetSize
00111168 0000003c T FSFILE_Close
001111a4 00000024 T FSFILE_Flush
001111c8 00000050 T FSDIR_Read
00111218 0000003c T FSDIR_Close
00111254 00000c70 t gspHardwareInit
00111ec4 00000248 T gspInit
0011210c 000000e4 T gspExit
001121f0 00000010 T gspHasGpuRight
00112200 000000a0 T gspPresentBuffer
001122a0 00000030 T gspSetEventCallback
001122d0 00000044 T gspWaitForEvent
00112314 0000004c T gspWaitForAnyEvent
00112360 00000160 t gspEventThreadMain
001124c0 00000130 T gspSubmitGxCommand
001125f0 00000050 T GSPGPU_FlushDataCache
00112640 00000034 T GSPGPU_SetLcdForceBlack
00112674 00000068 T GSPGPU_AcquireRight
001126dc 00000048 T GSPGPU_ReleaseRight
00112724 0000007c T GSPGPU_ImportDisplayCaptureInfo
001127a0 0000002c T GSPGPU_SaveVramSysArea
001127cc 0000002c T GSPGPU_RestoreVramSysArea
001127f8 00000024 W hidShouldUseIrrst
0011281c 0000018c T hidInit
001129a8 000000e8 T hidExit
00112a90 000002a4 T hidScanInput
00112d34 00000010 T hidKeysHeld
00112d44 00000010 T hidKeysDown
00112d54 00000160 T irrstInit
00112eb4 000000cc T irrstExit
00112f80 000000b4 T irrstScanInput
00113034 00000024 T irrstKeysHeld
00113058 00000074 T ptmSysmInit
001130cc 0000003c T ptmSysmExit
00113108 00000034 T PTMSYSM_ConfigureNew3DSCPU
0011313c 000000e0 t buffer_read
0011321c 000000cc t iov_read
001132e8 00000148 t iov_memmove
00113430 000001dc t decompress_rle
0011360c 0000026c t decompress_lzss
00113878 0000042c t decompress_lz11
00113ca4 0000036c t decompress_huff
00114010 00000010 T decompressCallback_Stdio
00114020 000000e4 T decompressHeader
00114104 00000200 T decompressV
00114304 0000010c T decompressV_LZ11
00114410 00000074 T rbtree_find
00114484 00000010 T rbtree_init
00114494 0000019c t do_insert
00114630 00000008 T rbtree_insert
00114638 00000310 T rbtree_remove
00114948 00000090 T rbtree_rotate
001149d8 0000013c T decode_utf8
00114b14 000000e8 T utf16_to_utf8
00114bfc 000000c0 T utf8_to_utf16
00114cc0 000001e0 W __system_allocateHeaps
00114ea0 00000038 W __libctru_init
00114ed8 00000160 W __system_initArgv
00115038 00000030 T __syscall_getreent
00115068 00000064 T __syscall_gettod_r
001150cc 00000004 T __syscall_lock_acquire
001150d0 00000004 T __syscall_lock_release
001150d4 00000004 T __syscall_lock_acquire_recursive
001150d8 00000004 T __syscall_lock_release_recursive
001150dc 00000004 T __syscall_exit
001150e0 00000050 T initThreadVars
00115130 00000080 T __system_initSyscalls
001151b0 T svcControlMemory
001151d0 T svcQueryMemory
00115200 T svcExitProcess
00115208 T svcCreateThread
00115228 T svcExitThread
00115230 T svcSleepThread
00115238 T svcReleaseMutex
00115240 T svcCreateEvent
00115254 T svcSignalEvent
0011525c T svcClearEvent
00115264 T svcMapMemoryBlock
0011526c T svcUnmapMemoryBlock
00115274 T svcCreateAddressArbiter
00115288 T svcArbitrateAddressNoTimeout
00115290 T svcCloseHandle
00115298 T svcWaitSynchronization
001152a0 T svcWaitSynchronizationN
001152c8 T svcDuplicateHandle
001152dc T svcGetSystemTick
001152e4 T svcConnectToPort
001152f8 T svcSendSyncRequest
00115300 T svcGetResourceLimit
00115314 T svcGetResourceLimitLimitValues
0011531c T svcGetResourceLimitCurrentValues
00115324 T svcBreak
0011532c T __aeabi_read_tp
00115338 W initSystem
00115388 W __ctru_exit
0011539c 00000084 W envGetHandle
00115420 00000050 W envDestroyHandles
00115470 0000012c T srvInit
0011559c 00000058 T srvExit
001155f4 00000060 T srvEnableNotification
00115654 000000a0 T srvGetServiceHandleDirect
001156f4 00000038 T srvGetServiceHandle
0011572c 00000034 T srvSubscribe
00115760 00000060 T srvReceiveNotification
001157c0 00000038 T srvPublishToSubscriber
001157f8 0000000c T __sync_init
00115804 00000018 T __sync_fini
0011581c 0000002c T syncArbitrateAddress
00115848 0000001c T LightLock_Init
00115864 000000b0 T LightLock_Lock
00115914 00000040 T LightLock_Unlock
00115954 00000030 T RecursiveLock_Lock
00115984 00000054 T RecursiveLock_Unlock
001159d8 00000040 T LightEvent_Init
00115a18 000000a4 T LightEvent_Clear
00115abc 000000c8 T LightEvent_Signal
00115b84 00000050 T LightEvent_TryWait
00115bd4 000000a0 T LightEvent_Wait
00115c74 000001d4 T threadCreate
00115e48 0000002c T threadFree
00115e74 00000024 T threadJoin
00115e98 00000030 T threadGetCurrent
00115ec8 00000040 T threadExit
00115f08 00000020 t _thread_begin
00115f28 00000090 t mappableFindAddressWithin
00115fb8 00000028 T mappableInit
00115fe0 00000080 T mappableAlloc
00116060 00000004 T mappableFree
00116064 0000000c T srvPmGetSessionHandle
00116070 0000005c T rbtree_node_next
001160cc 00000064 T decode_utf16
00116130 00000054 T encode_utf16
00116184 000000e0 T encode_utf8
00116264 00000030 W __appExit
00116294 00000030 W __appInit
001162c4 00000090 W __libctru_exit
00116354 00000014 t archive_link
00116368 00000014 t archive_dirreset
0011637c 00000014 t archive_chmod
00116390 00000024 t error_cmp
001163b4 00000050 t archive_translate_error
00116404 000000c4 t archive_seek
001164c8 00000078 t _archiveInit.part.0
00116540 000000c4 t archiveFindDevice.part.0
00116604 00000290 t archive_utf16path
00116894 0000009c t _archiveUnmountDeviceStruct.part.0
00116930 00000014 t archive_statvfs
00116944 00000014 t archive_fchmod
00116958 00000168 t _archiveMountDevice
00116ac0 000000e8 t archive_diropen
00116ba8 000000a4 t archive_fstat
00116c4c 0000006c t archive_fsync
00116cb8 0000006c t archive_close
00116d24 00000070 t archive_dirclose
00116d94 000000e4 t sdmc_statvfs
00116e78 000000ec t archive_chdir
00116f64 0000007c t archive_ftruncate
00116fe0 000000ac t archive_read
0011708c 000000a4 t archive_unlink
00117130 000000bc t archive_rmdir
001171ec 000000dc t archive_mkdir
001172c8 00000194 t archive_stat
0011745c 0000015c t archive_dirnext
001175b8 00000124 t archive_write
001176e0 00000210 t archive_open
001178f0 00000268 t archive_rename
00117b58 0000019c T archiveMountSdmc
00117cf4 00000054 T archiveUnmountAll
00117d48 00000004 T operator delete(void*)
00117d4c 00000054 W std::__cxx11::basic_string<char, std::char_traits<char>, std::allocator<char> >::_M_create(unsigned int&, unsigned int)
00117da0 00000014 W std::__cxx11::basic_string<char, std::char_traits<char>, std::allocator<char> >::_M_dispose()
00117db4 0000009c W std::__cxx11::basic_string<char, std::char_traits<char>, std::allocator<char> >::reserve(unsigned int)
00117e50 T __cxa_end_cleanup
00117e60 00000134 T __cxa_type_match
00117f94 000000b4 T __cxa_begin_cleanup
00118048 000000b4 T __gnu_end_cleanup
001180fc 000000cc T __cxa_begin_catch
001181c8 000000e0 T __cxa_end_catch
001182a8 00000004 T std::exception::~exception()
001182a8 00000004 T std::exception::~exception()
001182ac 00000004 T std::bad_exception::~bad_exception()
001182ac 00000004 T std::bad_exception::~bad_exception()
001182b0 0000000c T transaction clone for std::bad_exception::what() const
001182b0 0000000c T std::bad_exception::what() const
001182bc 00000018 T std::bad_exception::~bad_exception()
001182d4 0000003c t eh_globals_dtor(void*)
00118310 00000038 T __cxa_get_globals_fast
00118348 00000074 T __cxa_get_globals
001183bc 00000040 t _GLOBAL__sub_I__ZN17__eh_globals_init7_S_initE
001183fc 00000034 t _GLOBAL__sub_D__ZN17__eh_globals_init7_S_initE
00118430 00000148 t read_encoded_value_with_base(unsigned char, unsigned int, unsigned char const*, unsigned int*)
00118578 00000058 t base_of_encoded_value(unsigned char, _Unwind_Context*)
001185d0 000000d8 t parse_lsda_header(_Unwind_Context*, unsigned char const*, lsda_header_info*)
001186a8 000006dc T __gxx_personality_v0
00118d84 00000014 T __cxxabiv1::__terminate(void (*)())
00118d98 00000018 T std::terminate()
00118db0 0000000c T __cxxabiv1::__unexpected(void (*)())
00118dbc 00000018 T std::unexpected()
00118dd4 00000014 T std::get_terminate()
00118de8 00000014 T std::get_unexpected()
00118dfc 00000060 t __gxx_exception_cleanup(_Unwind_Reason_Code, _Unwind_Control_Block*)
00118e5c 00000054 T __cxa_init_primary_exception
00118eb0 00000054 T __cxa_throw
00118f04 000000b0 T __cxa_rethrow
00118fb4 0000005c T operator new(unsigned int)
00119010 00000020 T __cxxabiv1::__si_class_type_info::~__si_class_type_info()
00119010 00000020 T __cxxabiv1::__si_class_type_info::~__si_class_type_info()
00119030 0000002c T __cxxabiv1::__si_class_type_info::~__si_class_type_info()
0011905c 00000138 T __cxxabiv1::__si_class_type_info::__do_dyncast(int, __cxxabiv1::__class_type_info::__sub_kind, __cxxabiv1::__class_type_info const*, void const*, __cxxabiv1::__class_type_info const*, void const*, __cxxabiv1::__class_type_info::__dyncast_result&) const
00119194 00000088 T __cxxabiv1::__si_class_type_info::__do_find_public_src(int, void const*, __cxxabiv1::__class_type_info const*, void const*) const
0011921c 00000044 T __cxxabiv1::__si_class_type_info::__do_upcast(__cxxabiv1::__class_type_info const*, void const*, __cxxabiv1::__class_type_info::__upcast_result&) const
00119260 00000004 T std::type_info::~type_info()
00119260 00000004 T std::type_info::~type_info()
00119264 00000008 T std::type_info::__is_pointer_p() const
00119264 00000008 T std::type_info::__is_function_p() const
0011926c 00000040 T std::__throw_logic_error(char const*)
001192ac 00000040 T std::__throw_length_error(char const*)
001192ec 0000000c T std::bad_alloc::what() const
001192f8 00000020 T std::bad_alloc::~bad_alloc()
001192f8 00000020 T std::bad_alloc::~bad_alloc()
00119318 0000002c T std::bad_alloc::~bad_alloc()
00119344 0000005c T __cxxabiv1::__class_type_info::__do_upcast(__cxxabiv1::__class_type_info const*, void**) const
001193a0 00000014 T __cxxabiv1::__class_type_info::__do_find_public_src(int, void const*, __cxxabiv1::__class_type_info const*, void const*) const
001193b4 00000020 T __cxxabiv1::__class_type_info::~__class_type_info()
001193b4 00000020 T __cxxabiv1::__class_type_info::~__class_type_info()
001193d4 0000002c T __cxxabiv1::__class_type_info::~__class_type_info()
00119400 00000064 T __cxxabiv1::__class_type_info::__do_upcast(__cxxabiv1::__class_type_info const*, void const*, __cxxabiv1::__class_type_info::__upcast_result&) const
00119464 0000007c T __cxxabiv1::__class_type_info::__do_catch(std::type_info const*, void**, unsigned int) const
001194e0 000000d4 T __cxxabiv1::__class_type_info::__do_dyncast(int, __cxxabiv1::__class_type_info::__sub_kind, __cxxabiv1::__class_type_info const*, void const*, __cxxabiv1::__class_type_info const*, void const*, __cxxabiv1::__class_type_info::__dyncast_result&) const
001195b4 00000004 T operator delete(void*, unsigned int)
001195b8 0000000c W __gnu_cxx::__concurrence_lock_error::what() const
001195c4 0000000c W __gnu_cxx::__concurrence_unlock_error::what() const
001195d0 00000020 W __gnu_cxx::__concurrence_lock_error::~__concurrence_lock_error()
001195d0 00000020 W __gnu_cxx::__concurrence_lock_error::~__concurrence_lock_error()
001195f0 0000002c W __gnu_cxx::__concurrence_lock_error::~__concurrence_lock_error()
0011961c 00000020 W __gnu_cxx::__concurrence_unlock_error::~__concurrence_unlock_error()
0011961c 00000020 W __gnu_cxx::__concurrence_unlock_error::~__concurrence_unlock_error()
0011963c 0000002c W __gnu_cxx::__concurrence_unlock_error::~__concurrence_unlock_error()
00119668 0000002c W __gnu_cxx::__throw_concurrence_lock_error()
00119694 0000002c W __gnu_cxx::__throw_concurrence_unlock_error()
001196c0 00000128 t (anonymous namespace)::pool::free(void*) [clone .constprop.0]
001197e8 000000d8 t (anonymous namespace)::pool::allocate(unsigned int) [clone .constprop.0]
001198c0 00000044 T __cxa_allocate_exception
00119904 0000002c T __cxa_free_exception
00119930 000001b0 t _GLOBAL__sub_I__ZN9__gnu_cxx9__freeresEv
00119ae0 00000070 t __cxxabiv1::__is_gxx_exception_class(char*)
00119b50 0000002c T __cxa_call_terminate
00119b7c 00000148 T __cxa_call_unexpected
00119cc4 00000014 T std::get_new_handler()
00119cd8 00000008 T std::logic_error::what() const
00119cd8 00000008 T std::runtime_error::what() const
00119ce0 00000098 T std::logic_error::~logic_error()
00119ce0 00000098 T std::logic_error::~logic_error()
00119d78 00000098 T std::length_error::~length_error()
00119d78 00000098 T std::length_error::~length_error()
00119e10 000000a0 T std::logic_error::~logic_error()
00119eb0 000000a0 T std::length_error::~length_error()
00119f50 000000d4 T std::logic_error::logic_error(char const*)
00119f50 000000d4 T std::logic_error::logic_error(char const*)
0011a024 00000020 T std::length_error::length_error(char const*)
0011a024 00000020 T std::length_error::length_error(char const*)
0011a044 00000084 W std::string::_Rep::_S_create(unsigned int, unsigned int, std::allocator<char> const&)
0011a0c8 00000004 W std::string::_Rep::_M_destroy(std::allocator<char> const&)
0011a0d0 0000025c T sinf
0011a32c 00000050 T sqrtf
0011a37c 00000024 t with_errnof
0011a3a0 0000001c T __math_invalidf
0011a3bc 000000c0 T ceilf
0011a480 0000021c T cosf
0011a69c 00000008 T __ieee754_sqrtf
0011a6a4 00000120 T __udivmoddi4
0011a7c4 00000018 t selfrel_offset31
0011a7dc 00000090 t search_EIT_table
0011a86c 00000040 t __gnu_unwind_get_pr_addr
0011a8ac 0000010c t get_eit_entry
0011a9b8 00000088 t restore_non_core_regs
0011aa40 00000014 t _Unwind_decode_typeinfo_ptr.constprop.0
0011aa54 00000004 t _Unwind_DebugHook
0011aa58 00000064 t unwind_phase2
0011aabc 00000140 t unwind_phase2_forced
0011abfc 000000a4 T __gnu_Unwind_RaiseException
0011aca0 00000028 T __gnu_Unwind_ForcedUnwind
0011acc8 00000074 T __gnu_Unwind_Resume
0011ad3c 0000002c T __gnu_Unwind_Resume_or_Rethrow
0011ad68 00000004 T _Unwind_Complete
0011ad6c 00000018 T _Unwind_DeleteException
0011ad84 00000064 T _Unwind_VRS_Get
0011ade8 0000002c t _Unwind_GetGR
0011ae14 00000064 T _Unwind_VRS_Set
0011ae78 0000002c t _Unwind_SetGR
0011aea4 000000c0 T __gnu_Unwind_Backtrace
0011af64 00000410 t __gnu_unwind_pr_common
0011b374 00000008 T __aeabi_unwind_cpp_pr0
0011b37c 00000008 W __aeabi_unwind_cpp_pr1
0011b384 00000008 W __aeabi_unwind_cpp_pr2
0011b38c 00000458 T _Unwind_VRS_Pop
0011b7e4 00000064 t next_unwind_byte
0011b848 0000002c t _Unwind_GetGR.constprop.0
0011b874 00000004 t unwind_UCB_from_context
0011b878 00000460 T __gnu_unwind_execute
0011bcd8 00000048 T __gnu_unwind_frame
0011bd20 00000010 T _Unwind_GetRegionStart
0011bd30 0000001c T _Unwind_GetLanguageSpecificData
0011bd4c 00000008 T _Unwind_GetDataRelBase
0011bd54 00000008 T _Unwind_GetTextRelBase
0011bd5c 000000d8 T strncmp
0011be34 00000130 T strchr
0011bf64 00000044 T rand
0011bfa8 00000024 T getenv
0011bfcc 0000005c T strlen
0011c028 000000d4 T memcmp
0011c0fc 000001e4 t _strtoul_l.isra.0
0011c2e0 00000034 T strtoul
0011c314 000000e4 T strncat
0011c3f8 00000078 T bsearch
0011c470 00000344 T _fread_r
0011c7b4 00000038 T fread
0011c7ec 00000020 T calloc
0011c80c 0000096c T qsort
0011d178 00000014 T abort
0011d18c 00000038 t lflush
0011d1c4 0000019c T __srefill_r
0011d360 00000148 T _fclose_r
0011d4a8 00000018 T fclose
0011d4c0 000000c0 T _calloc_r
0011d580 00000144 T __smakebuf_r
0011d6c4 0000008c T __swhatbuf_r
0011d750 00000020 T memalign
0011d770 0000001c t stdio_exit_handler
0011d78c 0000005c t cleanup_stdio
0011d7e8 00000154 t global_stdio_init.part.0
0011d93c 00000134 T __sfp
0011da70 0000005c T __sinit
0011dacc 0000000c T __sfp_lock_acquire
0011dad8 0000000c T __sfp_lock_release
0011dae4 0000002c T rewind
0011db10 000007e8 T _malloc_r
0011e2f8 000000f8 T _malloc_trim_r
0011e3f0 00000300 T _free_r
0011e6f0 00000294 T setvbuf
0011e984 0000004c T strnlen
0011e9d0 0000000c T __errno
0011e9dc 00000034 T malloc
0011ea10 00000018 T free
0011ea28 00000130 T memcpy
0011eb58 00000134 T _fopen_r
0011ec8c 00000020 T fopen
0011ecac 0000004c T time
0011ecf8 000000c8 T _findenv_r
0011edc0 000000e8 T memset
0011eea8 00000070 T _fwalk_sglue
0011ef18 0000000c T __malloc_lock
0011ef24 0000000c T __malloc_unlock
0011ef30 0000002c T ftell
0011ef5c 00000004 W __call_exitprocs
0011ef60 00000030 T exit
0011ef90 0000001c T _fseek_r
0011efac 00000034 T fseek
0011efe0 000000c4 T strncpy
0011f0a4 000000b4 T __sflags
0011f158 00000084 T __libc_init_array
0011f1dc 00000228 T __sflush_r
0011f404 00000094 T _fflush_r
0011f498 00000090 T _raise_r
0011f528 00000018 T raise
0011f540 0000000c T __env_lock
0011f54c 0000000c T __env_unlock
0011f558 00000150 T _memalign_r
0011f6a8 0000003c T __libc_fini_array
0011f6e4 0000058c T _fseeko_r
0011fc70 00000044 T __sread
0011fcb4 00000068 T __swrite
0011fd1c 00000040 T __sseek
0011fd5c 00000008 T __sclose
0011fd64 000001b0 T _ftello_r
0011ff14 00000020 T _exit
0011ff34 0000013c T chdir
00120070 000001cc T _concatenate_path
0012023c 00000088 T _fstat_r
001202c4 00000014 T _getpid_r
001202d8 0000002c T __getreent
00120304 00000030 T _gettimeofday_r
00120334 0000008c T __release_handle
001203c0 000000b0 T __alloc_handle
00120470 0000003c T __get_handle
001204ac 000000f4 T _close_r
001205a0 00000008 t null_write
001205a8 00000018 T setDefaultDevice
001205c0 000000c8 T FindDevice
00120688 00000028 T RemoveDevice
001206b0 00000098 T AddDevice
00120748 00000020 T GetDeviceOpTab
00120768 00000008 T _isatty_r
00120770 00000014 T _kill_r
00120784 0000008c T _lseek_r
00120810 000000bc T _open_r
001208cc 00000088 T _read_r
00120954 00000078 W _sbrk_r
001209cc 0000001c T __libc_lock_acquire
001209e8 0000001c T __libc_lock_release
00120a04 0000001c T __libc_lock_acquire_recursive
00120a20 0000001c T __libc_lock_release_recursive
00120a3c 00000088 T _write_r
00120ac4 00000048 T strrchr
00120b0c T _fini
001211ac r .LC9
001211c8 r .LC10
00121460 00000008 r s_defaultTint.0
00121468 00000010 r C2Di_FontPaths
00121478 R render2d_shbin
00121604 R render2d_shbin_end
00121604 R render2d_shbin_size
00121608 00000004 r depthFmtSizes
0012160c 00000005 r colorFmtSizes
00121614 00000010 r CSWTCH.11
00121624 00000038 r CSWTCH.19
0012165c 00000080 r romFS_devoptab
001216e8 00000011 r dsp_filename.0
00121718 00000008 r morton_y.2
00121720 00000008 r morton_x.3
00121728 00000008 r s_sleepWakeEvents.4
00121754 00000030 r error_table
00121784 00000080 r archive_devoptab
00121804 0000000d R typeinfo name for std::exception
00121814 00000008 R typeinfo for std::exception
0012181c 00000012 R typeinfo name for std::bad_exception
00121830 0000000c R typeinfo for std::bad_exception
0012183c 00000020 R typeinfo name for __cxxabiv1::__forced_unwind
0012185c 00000008 R typeinfo for __cxxabiv1::__forced_unwind
00121864 00000024 R typeinfo name for __cxxabiv1::__foreign_exception
00121888 00000008 R typeinfo for __cxxabiv1::__foreign_exception
00121890 00000014 R vtable for std::bad_exception
001218b8 00000025 R typeinfo name for __cxxabiv1::__si_class_type_info
001218e0 0000000c R typeinfo for __cxxabiv1::__si_class_type_info
001218ec 0000002c R vtable for __cxxabiv1::__si_class_type_info
00121918 0000000d R typeinfo name for std::type_info
00121928 00000008 R typeinfo for std::type_info
00121930 0000000d R typeinfo name for std::bad_alloc
00121940 0000000c R typeinfo for std::bad_alloc
0012194c 00000014 R vtable for std::bad_alloc
00121960 00000022 R typeinfo name for __cxxabiv1::__class_type_info
00121984 0000000c R typeinfo for __cxxabiv1::__class_type_info
00121990 0000002c R vtable for __cxxabiv1::__class_type_info
001219bc 00000027 V typeinfo name for __gnu_cxx::__concurrence_lock_error
001219e4 0000000c V typeinfo for __gnu_cxx::__concurrence_lock_error
001219f0 00000029 V typeinfo name for __gnu_cxx::__concurrence_unlock_error
00121a1c 0000000c V typeinfo for __gnu_cxx::__concurrence_unlock_error
00121a28 00000014 V vtable for __gnu_cxx::__concurrence_lock_error
00121a3c 00000014 V vtable for __gnu_cxx::__concurrence_unlock_error
00121a50 00000010 R typeinfo name for std::logic_error
00121a60 0000000c R typeinfo for std::logic_error
00121a6c 00000011 R typeinfo name for std::length_error
00121a80 0000000c R typeinfo for std::length_error
00121a8c 00000014 R vtable for std::logic_error
00121aa0 00000014 R vtable for std::length_error
00121ab4 00000060 R __inv_pio4
00121b18 000000e0 R __sincosf_table
00121c10 00000101 R _ctype_
00121d14 00000080 R dotab_stdnull
00121d94 R __tdata_align
00121d98 r __EH_FRAME_BEGIN__
00121e84 R __exidx_start
00122084 R __exidx_end
00123000 00000008 d framerateCounter
00123008 00000004 d framerate
0012300c 00000004 d queueLock
00123010 00000004 d aptChainloadDeliverArgSize
00123014 00000004 d kCount
00123018 00000004 d kInterval
0012301c 00000004 d kDelay
00123020 W __stacksize__
00123024 00000004 D __cxxabiv1::__unexpected_handler
00123028 00000004 D __cxxabiv1::__terminate_handler
0012302c 00000004 D _impure_ptr
00123030 00000120 D _impure_data
00123150 0000000c D __sglue
0012315c 00000004 D __malloc_sbrk_base
00123160 00000004 D __malloc_trim_threshold
00123168 00000408 D __malloc_av_
00123570 00000004 D environ
00123574 00000400 d _current_working_directory
00123978 00001000 d handles
00124978 0000000c d __stderr_handle
00124984 0000000c d __stdout_handle
00124990 0000000c d __stdin_handle
0012499c 0000008c D devoptab_list
00124a28 00000004 d defaultDevice
00124a34 d _GLOBAL_OFFSET_TABLE_
00124a40 d __frame_dummy_init_array_entry
00124a40 D __init_array_start
00124a40 B __preinit_array_end
00124a40 B __preinit_array_start
00124a40 D __tdata_lma
00124a40 D __tdata_lma_end
00124a50 d __do_global_dtors_aux_fini_array_entry
00124a50 D __fini_array_start
00124a50 D __init_array_end
00124a58 D __bss_start__
00124a58 D __fini_array_end
00124a58 00000004 B StaticTextBuffer
00124a5c 00000004 B font
00124a60 00000078 b Text
00124ad8 00000004 b numParticles
00124adc 00000004 b spriteSheet
00124ae0 00000004 b nateSS1
00124ae4 00000004 b nateSS2
00124ae8 00000004 b nateSS3
00124aec 00000004 b spacSS1
00124af0 00000004 b spacSS2
00124af4 00000004 b spacSS3
00124af8 000012c0 b particles
00125db8 00007800 b sprites
0012d5b8 b completed.1
0012d5bc b object.0
0012d5d8 000005a8 B __C2Di_Context
0012db80 00000040 b s_projBot
0012dbc0 00000040 b s_projTop
0012dc00 00000004 b uLoc_mdlvMtx
0012dc04 00000004 b uLoc_projMtx
0012dc08 00000004 b s_glyphSheets
0012dc0c 00000004 b s_textScale
0012dc10 0000000c b hookCookie
0012dc20 000002d0 B __C3D_Context
0012def0 00000004 b frameEndCbData
0012def4 00000004 b frameEndCb
0012def8 00000008 b frameCounter
0012df00 00000001 b isTopStereo
0012df01 00000001 b needSwapBot
0012df02 00000001 b needSwapTop
0012df03 00000001 b measureGpuTime
0012df04 00000001 b inSafeTransfer
0012df05 00000001 b inFrame
0012df08 00000010 b cpuTime
0012df18 00000010 b gpuTime
0012df28 0000000c b linkedTarget
0012df34 00000004 b lastTarget
0012df38 00000004 b firstTarget
0012df3c 00000008 b C3Di_IVUnifEverDirty
0012df44 000000c0 b C3Di_FVUnifEverDirty
0012e004 00000018 b C3Di_ShaderFVecData
0012e01c 00000002 B C3D_BoolUnifsDirty
0012e020 00000008 B C3D_IVUnifDirty
0012e028 000000c0 B C3D_FVUnifDirty
0012e0e8 00000004 B C3D_BoolUnifs
0012e0ec 00000020 B C3D_IVUnif
0012e10c 00000c00 B C3D_FVUnif
0012ed10 00000008 b sLinearPool
0012ed18 0000000c b sAddrMap
0012ed28 00000008 b sVramPoolB
0012ed30 00000008 b sVramPoolA
0012ed38 0000000c b sAddrMap
0012ed44 00000004 b sharedFontAddr
0012ed48 00000004 B g_sharedFont
0012ed4c 00000004 b screenAlloc
0012ed50 00000004 b screenFree
0012ed54 00000002 b gfxIsDoubleBuf
0012ed58 00000002 b gfxCurBuf
0012ed5a 00000001 b gfxIsVram
0012ed5b 00000001 b gfxTopMode
0012ed5c 00000002 b gfxFramebufferFormats
0012ed60 00000004 b gfxBottomFramebufferMaxSize
0012ed64 00000004 b gfxTopFramebufferMaxSize
0012ed68 00000008 b gfxBottomFramebuffers
0012ed70 00000008 b gfxTopFramebuffers
0012ed78 00000001 V __ctru_speedup
0012ed7c 00000004 b romfs_mount_list
0012ed80 00000004 V __romfs_path
0012ed84 00000004 B gpuCmdBufOffset
0012ed88 00000004 B gpuCmdBufSize
0012ed8c 00000004 B gpuCmdBuf
0012ed90 00000004 b boundQueue
0012ed94 00000001 b shouldStop
0012ed95 00000001 b isRunning
0012ed96 00000001 b isActive
0012ed98 00000004 b curQueue
0012ed9c 00000004 b ndspRefCount
0012eda0 00000048 b ndspMaster
0012ede8 00000004 b ndspThread
0012edec 00000001 b ndspThreadRun
0012edf0 00001080 b dspVar5Backup
0012fe70 00000004 b ndspMutex
0012fe74 00000008 b sleepEvent
0012fe7c 00000004 b dspSem
0012fe80 00000004 b irqEvent
0012fe84 00000008 b ndspHookCookie
0012fe8c 00000001 b componentFree
0012fe8e 00000002 b componentDataMask
0012fe90 00000002 b componentProgMask
0012fe94 00000004 b componentSize
0012fe98 00000004 b componentBin
0012fe9c 00000004 b frameCount
0012fea0 00000004 b droppedFrames
0012fea4 00000001 b bCancelReceived
0012fea5 00000001 b bSleeping
0012fea6 00000001 b bEnteringSleep
0012fea7 00000001 b bDspReady
0012fea8 00000080 B ndspVars
0012ff28 00000002 B ndspBufferId
0012ff2a 00000002 B ndspBufferCurId
0012ff2c 00000002 B ndspFrameId
0012ff30 00000c60 b ndspChn
00130b90 00000001 b flagValue.0
00130b91 00000001 b flagInit.1
00130b94 00000004 b serviceName.6
00130b98 00000001 b aptChainloadFlags
00130b99 00000001 b aptChainloadMediatype
00130b9c 00000020 b aptChainloadHmac
00130bbc 00000300 b aptChainloadDeliverArg
00130ec0 00000008 b aptChainloadTid
00130ec8 00001000 b aptParameters
00131ec8 00000004 b aptFlags
00131ecc 00000001 b aptHomeButtonState
00131ed0 00000004 b aptMessageFuncData
00131ed4 00000004 b aptMessageFunc
00131ed8 0000000c b aptFirstHook
00131ee4 00000001 b aptEventHandlerThreadQuit
00131ee8 00000004 b aptEventHandlerThread
00131eec 00000008 b aptSleepEvent
00131ef4 00000008 b aptReceiveEvent
00131efc 00000008 b aptEvents
00131f04 00000004 b aptLockHandle
00131f08 00000004 b aptRefCount
00131f0c 00000004 b cfguRefCount
00131f10 00000004 b cfguHandle
00131f14 00000002 b dspSavedCompDataMask
00131f16 00000002 b dspSavedCompProgMask
00131f18 00000004 b dspSavedCompSize
00131f1c 00000004 b dspSavedCompBin
00131f20 00000001 b dspSleeping
00131f21 00000001 b dspComponentLoaded
00131f24 00000008 b dspFirstHook
00131f2c 00000004 b dspRefCount
00131f30 00000004 b dspHandle
00131f38 00000080 b fsExemptArchives
00131fb8 00000004 b fsuRefCount
00131fbc 00000004 b fsuHandle
00131fc0 00000007 b gspEventCbOneShot
00131fc8 0000001c b gspEventCbData
00131fe4 0000001c b gspEventCb
00132000 00000038 b gspEvents
00132038 00000004 b gspLastEvent
0013203c 00000001 b gspRunEvents
00132040 00000004 b gspEventThread
00132044 00000004 b gspEvent
00132048 00000001 b gspGpuRight
00132049 00000001 b gspThreadId
0013204c 00000004 b gspSharedMem
00132050 00000004 b gspSharedMemHandle
00132054 00000004 b gspRefCount
00132058 00000004 b gspGpuHandle
0013205c 00000001 b usingIrrst
00132060 00000004 b hidRefCount
00132064 00000006 b gRate
0013206c 00000006 b aVec
00132074 00000004 b cPos
00132078 00000004 b tPos
0013207c 00000004 b kRepeat
00132080 00000004 b kUp
00132084 00000004 b kDown
00132088 00000004 b kHeld
0013208c 00000004 b kOld
00132090 00000004 B hidSharedMem
00132094 00000014 B hidEvents
001320a8 00000004 B hidMemHandle
001320ac 00000004 B hidHandle
001320b0 00000004 b irrstRefCount
001320b4 00000004 b csPos
001320b8 00000004 b kHeld
001320bc 00000004 B irrstSharedMem
001320c0 00000004 B irrstEvent
001320c4 00000004 B irrstMemHandle
001320c8 00000004 B irrstHandle
001320cc 00000004 b ptmSysmRefCount
001320d0 00000004 b ptmSysmHandle
001320d4 00000004 V __ctru_linear_heap_size
001320d8 00000004 V __ctru_heap_size
001320dc 00000004 B __ctru_linear_heap
001320e0 00000004 B __ctru_heap
001320e4 00000004 B __system_retAddr
001320e8 00000004 B __system_argv
001320ec 00000004 B __system_argc
001320f0 b saved_stack
001320f8 00000004 B __3dslink_host
001320fc 00000004 b srvRefCount
00132100 00000004 b srvHandle
00132104 00000004 b arbiter
00132108 00000004 b currentAddr
0013210c 00000004 b maxAddr
00132110 00000004 b minAddr
00132114 00000004 b srvPmHandle
00132118 000005c0 b archive_devices
001326d8 00000004 b archive_device_cwd
001326dc 00000001 b archive_initialized
001326e0 00000004 b init
001326e4 00000001 B __eh_globals_init::_S_init
001326e8 0000000c b (anonymous namespace)::eh_globals
001326f8 0000001c b (anonymous namespace)::emergency_pool
00132714 00000004 b (anonymous namespace)::__new_handler
00132718 00000010 V std::string::_Rep::_S_empty_rep_storage
00132728 0000000c b __sfp_recursive_mutex
00132738 00000168 B __sf
001328a0 00000004 B __stdio_exit_handler
001328a4 00000028 B __malloc_current_mallinfo
001328cc 00000004 B __malloc_max_total_mem
001328d0 00000004 B __malloc_max_sbrked_mem
001328d4 00000004 B __malloc_top_pad
001328d8 0000000c b __malloc_recursive_mutex
001328e4 0000000c b __env_recursive_mutex
001328f0 00000004 b initial_env
001328f4 00000400 b temp_cwd
00132cf4 00000004 b __hndl_lock
00132cf8 00000004 B fake_heap_start
00132cfc 00000004 B fake_heap_end
00132d00 00000004 b heap_start.0
00132d04 B __tls_start
0013390c B __bss_end__
0013390c A __end__
0013390c B __tls_end
